0 info it worked if it ends with ok
1 verbose cli [ '/usr/local/bin/node',
1 verbose cli   '/usr/local/bin/npm',
1 verbose cli   'install',
1 verbose cli   'mongooses' ]
2 info using npm@1.4.28
3 info using node@v0.10.33
4 verbose readDependencies using package.json deps
5 verbose cache add [ 'mongooses', null ]
6 verbose cache add name=undefined spec="mongooses" args=["mongooses",null]
7 verbose parsed url { protocol: null,
7 verbose parsed url   slashes: null,
7 verbose parsed url   auth: null,
7 verbose parsed url   host: null,
7 verbose parsed url   port: null,
7 verbose parsed url   hostname: null,
7 verbose parsed url   hash: null,
7 verbose parsed url   search: null,
7 verbose parsed url   query: null,
7 verbose parsed url   pathname: 'mongooses',
7 verbose parsed url   path: 'mongooses',
7 verbose parsed url   href: 'mongooses' }
8 silly lockFile b7ea2605-mongooses mongooses
9 verbose lock mongooses /root/.npm/b7ea2605-mongooses.lock
10 silly lockFile b7ea2605-mongooses mongooses
11 silly lockFile b7ea2605-mongooses mongooses
12 verbose addNamed [ 'mongooses', '' ]
13 verbose addNamed [ null, '*' ]
14 silly lockFile 3159b86e-mongooses mongooses@
15 verbose lock mongooses@ /root/.npm/3159b86e-mongooses.lock
16 silly addNameRange { name: 'mongooses', range: '*', hasData: false }
17 verbose request where is /mongooses
18 verbose request registry https://registry.npmjs.org/
19 verbose request id 0174b328e48814ed
20 verbose url raw /mongooses
21 verbose url resolving [ 'https://registry.npmjs.org/', './mongooses' ]
22 verbose url resolved https://registry.npmjs.org/mongooses
23 verbose request where is https://registry.npmjs.org/mongooses
24 info trying registry request attempt 1 at 01:44:21
25 http GET https://registry.npmjs.org/mongooses
26 http 404 https://registry.npmjs.org/mongooses
27 verbose headers { date: 'Wed, 26 Nov 2014 01:53:09 GMT',
27 verbose headers   server: 'CouchDB/1.5.0 (Erlang OTP/R16B03)',
27 verbose headers   'content-type': 'application/json',
27 verbose headers   'cache-control': 'max-age=0',
27 verbose headers   'content-length': '52',
27 verbose headers   'accept-ranges': 'bytes',
27 verbose headers   via: '1.1 varnish',
27 verbose headers   age: '0',
27 verbose headers   'x-served-by': 'cache-ty67-TYO',
27 verbose headers   'x-cache': 'MISS',
27 verbose headers   'x-cache-hits': '0',
27 verbose headers   'x-timer': 'S1416966789.650201,VS0,VE183',
27 verbose headers   'keep-alive': 'timeout=10, max=50',
27 verbose headers   connection: 'Keep-Alive' }
28 silly registry.get cb [ 404,
28 silly registry.get   { date: 'Wed, 26 Nov 2014 01:53:09 GMT',
28 silly registry.get     server: 'CouchDB/1.5.0 (Erlang OTP/R16B03)',
28 silly registry.get     'content-type': 'application/json',
28 silly registry.get     'cache-control': 'max-age=0',
28 silly registry.get     'content-length': '52',
28 silly registry.get     'accept-ranges': 'bytes',
28 silly registry.get     via: '1.1 varnish',
28 silly registry.get     age: '0',
28 silly registry.get     'x-served-by': 'cache-ty67-TYO',
28 silly registry.get     'x-cache': 'MISS',
28 silly registry.get     'x-cache-hits': '0',
28 silly registry.get     'x-timer': 'S1416966789.650201,VS0,VE183',
28 silly registry.get     'keep-alive': 'timeout=10, max=50',
28 silly registry.get     connection: 'Keep-Alive' } ]
29 silly lockFile 3159b86e-mongooses mongooses@
30 silly lockFile 3159b86e-mongooses mongooses@
31 error 404 404 Not Found: mongooses
31 error 404
31 error 404 'mongooses' is not in the npm registry.
31 error 404 You should bug the author to publish it
31 error 404 It was specified as a dependency of 'application-name'
31 error 404
31 error 404 Note that you can also install from a
31 error 404 tarball, folder, or http url, or git url.
32 error System Linux 3.16.0-23-generic
33 error command "/usr/local/bin/node" "/usr/local/bin/npm" "install" "mongooses"
34 error cwd /home/lesly/project/nodejs/microblog
35 error node -v v0.10.33
36 error npm -v 1.4.28
37 error code E404
38 verbose exit [ 1, true ]
